WARNING:django.request:Not Found: /i
WARNING:django.request:Not Found: /i
WARNING:django.request:Not Found: /i
WARNING:django.request:Not Found: /i
WARNING:django.request:Not Found: /i
WARNING:django.request:Not Found: /i
WARNING:django.request:Not Found: /django
WARNING:django.request:Not Found: /django
WARNING:django.request:Not Found: /django
WARNING:django.request:Not Found: /django/
WARNING:django.request:Not Found: //
DEBUG:root:in here
DEBUG:root:in here
DEBUG:root:in here
DEBUG:root:in here
DEBUG:root:in here
DEBUG:root:in here
DEBUG:root:in here
DEBUG:root:in here
WARNING:django.request:Not Found: /static/css/main.cacbacc7.css
WARNING:django.request:Not Found: /static/js/main.f72bd509.js
WARNING:django.request:Not Found: /favicon.ico
WARNING:django.request:Not Found: /static/js/main.f72bd509.js
WARNING:django.request:Not Found: /static/css/main.cacbacc7.css
WARNING:django.request:Not Found: /static/css/main.cacbacc7.css
WARNING:django.request:Not Found: /static/js/main.f72bd509.js
WARNING:django.request:Not Found: /static/css/main.cacbacc7.css
WARNING:django.request:Not Found: /static/js/main.f72bd509.js
WARNING:django.request:Not Found: /static/js/main.f72bd509.js
WARNING:django.request:Not Found: /static/css/main.cacbacc7.css
WARNING:django.request:Not Found: /static/css/main.cacbacc7.css
WARNING:django.request:Not Found: /static/js/main.f72bd509.js
WARNING:django.request:Not Found: /static/css/main.cacbacc7.css
WARNING:django.request:Not Found: /static/js/main.f72bd509.js
WARNING:django.request:Not Found: /static/js/main.f72bd509.js
WARNING:django.request:Not Found: /static/css/main.cacbacc7.css
WARNING:django.request:Not Found: /static/css/main.cacbacc7.css
WARNING:django.request:Not Found: /static/js/main.f72bd509.js
WARNING:django.request:Not Found: /static/js/main.f72bd509.js
WARNING:django.request:Not Found: /static/css/main.cacbacc7.css
WARNING:django.request:Not Found: /static/css/main.cacbacc7.css
WARNING:django.request:Not Found: /static/js/main.f72bd509.js
WARNING:django.request:Not Found: /static/css/main.cacbacc7.css
WARNING:django.request:Not Found: /static/js/main.f72bd509.js
WARNING:django.request:Not Found: /static/js/main.f72bd509.js
WARNING:django.request:Not Found: /static/css/main.cacbacc7.css
WARNING:django.request:Not Found: /static/css/main.cacbacc7.css
WARNING:django.request:Not Found: /static/js/main.f72bd509.js
WARNING:django.request:Not Found: /static/css/main.cacbacc7.css
WARNING:django.request:Not Found: /static/js/main.f72bd509.js
WARNING:django.request:Not Found: /static/css/main.cacbacc7.css
WARNING:django.request:Not Found: /static/js/main.f72bd509.js
WARNING:django.request:Not Found: /static/css/main.cacbacc7.css
WARNING:django.request:Not Found: /static/js/main.f72bd509.js
WARNING:django.request:Not Found: /static/css/main.cacbacc7.css
WARNING:django.request:Not Found: /static/js/main.f72bd509.js
WARNING:django.request:Not Found: /static/js/main.f72bd509.js
WARNING:django.request:Not Found: /static/css/main.cacbacc7.css
WARNING:django.request:Not Found: /static/css/main.cacbacc7.css
WARNING:django.request:Not Found: /static/js/main.f72bd509.js
WARNING:django.request:Not Found: /static/js/main.f72bd509.js
WARNING:django.request:Not Found: /static/css/main.cacbacc7.css
WARNING:django.request:Not Found: /static/js/main.f72bd509.js
WARNING:django.request:Not Found: /static/css/main.cacbacc7.css
WARNING:django.request:Not Found: /static/js/main.f72bd509.js
WARNING:django.request:Not Found: /static/css/main.cacbacc7.css
WARNING:django.request:Not Found: /static/css/main.cacbacc7.css
WARNING:django.request:Not Found: /static/js/main.f72bd509.js
WARNING:django.request:Not Found: /static/js/main.f72bd509.js
WARNING:django.request:Not Found: /static/css/main.cacbacc7.css
WARNING:django.request:Not Found: /static/js/main.f72bd509.js
WARNING:django.request:Not Found: /static/css/main.cacbacc7.css
WARNING:django.request:Not Found: /static/css/main.cacbacc7.css
WARNING:django.request:Not Found: /static/js/main.f72bd509.js
WARNING:django.request:Not Found: /static/css/main.cacbacc7.css
WARNING:django.request:Not Found: /static/js/main.f72bd509.js
WARNING:django.request:Not Found: /static/css/main.cacbacc7.css
WARNING:django.request:Not Found: /static/js/main.f72bd509.js
DEBUG:root:/Users/ethan/Desktop/react-django-boiler/backend/backend/static
DEBUG:root:/Users/ethan/Desktop/react-django-boiler/backend/backend/settings.py/app/static
DEBUG:root:/Users/ethan/Desktop/react-django-boiler/backend/backend/app/static
DEBUG:root:/Users/ethan/Desktop/react-django-boiler/backend/backend/settings.py/app/static
DEBUG:root:app/static
WARNING:django.request:Not Found: /static/css/main.cacbacc7.css
WARNING:django.request:Not Found: /static/js/main.f72bd509.js
WARNING:django.request:Not Found: /static/js/main.f72bd509.js
WARNING:django.request:Not Found: /static/css/main.cacbacc7.css
DEBUG:root:../app/static
DEBUG:root:/Users/ethan/Desktop/react-django-boiler/backend/app/static
WARNING:django.request:Not Found: /static/js/main.f72bd509.js
WARNING:django.request:Not Found: /static/css/main.cacbacc7.css
WARNING:django.request:Not Found: /static/js/main.f72bd509.js
WARNING:django.request:Not Found: /static/css/main.cacbacc7.css
WARNING:django.request:Not Found: /static/js/main.f72bd509.js
WARNING:django.request:Not Found: /static/css/main.cacbacc7.css
DEBUG:root:/Users/ethan/Desktop/react-django-boiler/backend/app
DEBUG:root:/Users/ethan/Desktop/react-django-boiler/backend/app/static/
WARNING:django.request:Not Found: /static/css/main.cacbacc7.css
WARNING:django.request:Not Found: /static/js/main.f72bd509.js
DEBUG:root:/Users/ethan/Desktop/react-django-boiler/backend/app/static
DEBUG:root:/Users/ethan/Desktop/react-django-boiler/backend/app/static
WARNING:django.request:Not Found: /static/js/main.f72bd509.js
WARNING:django.request:Not Found: /static/css/main.cacbacc7.css
DEBUG:root:/Users/ethan/Desktop/react-django-boiler/backend/app/static
WARNING:django.request:Not Found: /static/css/main.cacbacc7.css
WARNING:django.request:Not Found: /static/js/main.f72bd509.js
WARNING:django.request:Not Found: /static/css/main.cacbacc7.css
WARNING:django.request:Not Found: /static/js/main.f72bd509.js
WARNING:django.request:Not Found: /static/js/main.f72bd509.js
WARNING:django.request:Not Found: /static/css/main.cacbacc7.css
WARNING:django.request:Not Found: /static/
WARNING:django.request:Not Found: /static/js/main.f72bd509.js
WARNING:django.request:Not Found: /static/css/main.cacbacc7.css
WARNING:django.request:Not Found: /static/css/main.cacbacc7.css
WARNING:django.request:Not Found: /static/js/main.f72bd509.js
DEBUG:root:/Users/ethan/Desktop/react-django-boiler/backend/app/static
DEBUG:root:/Users/ethan/Desktop/react-django-boiler/backend/app/static
WARNING:django.request:Not Found: /static/css/main.cacbacc7.css
WARNING:django.request:Not Found: /static/js/main.f72bd509.js
